<?xml version="1.0" encoding="UTF-8"?>
<!-- Generated by org.testng.reporters.JUnitReportReporter -->
<testsuite skipped="0" hostname="DESKTOP-PHNALL0" name="com.qa.snapdeal.amazontest" tests="2" failures="0" timestamp="23 Apr 2019 02:22:12 GMT" time="26.282" errors="0">
  <testcase name="amazontc2" time="26.275" classname="com.qa.snapdeal.amazontest"/>
  <testcase name="amazontc1" time="0.007" classname="com.qa.snapdeal.amazontest"/>
</testsuite> <!-- com.qa.snapdeal.amazontest -->
