<?xml version="1.0" encoding="UTF-8"?>
<!-- Generated by org.testng.reporters.JUnitReportReporter -->
<testsuite hostname="BUR-JSWAMYNA-W1" failures="0" tests="2" name="com.qa.snapdeal.NewTest" time="6.397" errors="0" timestamp="28 Apr 2021 19:55:45 GMT" skipped="1">
  <testcase classname="com.qa.snapdeal.NewTest" name="f" time="6.397"/>
  <testcase classname="com.qa.snapdeal.NewTest" name="af">
    <skipped/>
  </testcase> <!-- af -->
</testsuite> <!-- com.qa.snapdeal.NewTest -->
